<?xml version="1.0" encoding="UTF-8"?>
<testng-results skipped="1" failed="0" total="5" passed="4">
  <reporter-output>
  </reporter-output>
  <suite name="Default suite" duration-ms="64680" started-at="2020-09-23T03:24:48Z" finished-at="2020-09-23T03:25:53Z">
    <groups>
    </groups>
    <test name="Default test" duration-ms="64680" started-at="2020-09-23T03:24:48Z" finished-at="2020-09-23T03:25:53Z">
      <class name="testSide.SignInTest">
        <test-method status="PASS" signature="startTestSuite()[pri:0, instance:testSide.SignInTest@3834d63f]" name="startTestSuite" is-config="true" duration-ms="36" started-at="2020-09-22T23:24:48Z" finished-at="2020-09-22T23:24:48Z">
          <reporter-output>
          </reporter-output>
        </test-method> <!-- startTestSuite -->
        <test-method status="PASS" signature="openBrowers()[pri:0, instance:testSide.SignInTest@3834d63f]" name="openBrowers" is-config="true" duration-ms="7382" started-at="2020-09-22T23:24:48Z" finished-at="2020-09-22T23:24:55Z">
          <reporter-output>
          </reporter-output>
        </test-method> <!-- openBrowers -->
        <test-method status="PASS" signature="SignInBiz()[pri:1, instance:testSide.SignInTest@3834d63f]" name="SignInBiz" duration-ms="7565" started-at="2020-09-22T23:24:55Z" finished-at="2020-09-22T23:25:03Z">
          <reporter-output>
          </reporter-output>
        </test-method> <!-- SignInBiz -->
        <test-method status="PASS" signature="afterEachTestMethod()[pri:0, instance:testSide.SignInTest@3834d63f]" name="afterEachTestMethod" is-config="true" duration-ms="4410" started-at="2020-09-22T23:25:03Z" finished-at="2020-09-22T23:25:07Z">
          <reporter-output>
          </reporter-output>
        </test-method> <!-- afterEachTestMethod -->
        <test-method status="PASS" signature="openBrowers()[pri:0, instance:testSide.SignInTest@3834d63f]" name="openBrowers" is-config="true" duration-ms="8143" started-at="2020-09-22T23:25:07Z" finished-at="2020-09-22T23:25:15Z">
          <reporter-output>
          </reporter-output>
        </test-method> <!-- openBrowers -->
        <test-method status="PASS" signature="ComputerItTest()[pri:2, instance:testSide.SignInTest@3834d63f]" name="ComputerItTest" duration-ms="8201" started-at="2020-09-22T23:25:15Z" finished-at="2020-09-22T23:25:24Z">
          <reporter-output>
          </reporter-output>
        </test-method> <!-- ComputerItTest -->
        <test-method status="PASS" signature="afterEachTestMethod()[pri:0, instance:testSide.SignInTest@3834d63f]" name="afterEachTestMethod" is-config="true" duration-ms="107" started-at="2020-09-22T23:25:24Z" finished-at="2020-09-22T23:25:24Z">
          <reporter-output>
          </reporter-output>
        </test-method> <!-- afterEachTestMethod -->
        <test-method status="PASS" signature="openBrowers()[pri:0, instance:testSide.SignInTest@3834d63f]" name="openBrowers" is-config="true" duration-ms="6001" started-at="2020-09-22T23:25:24Z" finished-at="2020-09-22T23:25:30Z">
          <reporter-output>
          </reporter-output>
        </test-method> <!-- openBrowers -->
        <test-method status="SKIP" signature="distableTest()[pri:4, instance:testSide.SignInTest@3834d63f]" name="distableTest" duration-ms="2" started-at="2020-09-22T23:25:30Z" finished-at="2020-09-22T23:25:30Z">
          <exception class="org.testng.SkipException">
            <message>
              <![CDATA[skipping test]]>
            </message>
            <full-stacktrace>
              <![CDATA[org.testng.SkipException: skipping test
	at testSide.SignInTest.distableTest(SignInTest.java:60)
	at sun.reflect.NativeMethodAccessorImpl.invoke0(Native Method)
	at sun.reflect.NativeMethodAccessorImpl.invoke(Unknown Source)
	at sun.reflect.DelegatingMethodAccessorImpl.invoke(Unknown Source)
	at java.lang.reflect.Method.invoke(Unknown Source)
	at org.testng.internal.MethodInvocationHelper.invokeMethod(MethodInvocationHelper.java:86)
	at org.testng.internal.Invoker.invokeMethod(Invoker.java:645)
	at org.testng.internal.Invoker.invokeTestMethod(Invoker.java:822)
	at org.testng.internal.Invoker.invokeTestMethods(Invoker.java:1130)
	at org.testng.internal.TestMethodWorker.invokeTestMethods(TestMethodWorker.java:129)
	at org.testng.internal.TestMethodWorker.run(TestMethodWorker.java:112)
	at org.testng.TestRunner.privateRun(TestRunner.java:782)
	at org.testng.TestRunner.run(TestRunner.java:632)
	at org.testng.SuiteRunner.runTest(SuiteRunner.java:366)
	at org.testng.SuiteRunner.runSequentially(SuiteRunner.java:361)
	at org.testng.SuiteRunner.privateRun(SuiteRunner.java:319)
	at org.testng.SuiteRunner.run(SuiteRunner.java:268)
	at org.testng.SuiteRunnerWorker.runSuite(SuiteRunnerWorker.java:52)
	at org.testng.SuiteRunnerWorker.run(SuiteRunnerWorker.java:86)
	at org.testng.TestNG.runSuitesSequentially(TestNG.java:1244)
	at org.testng.TestNG.runSuitesLocally(TestNG.java:1169)
	at org.testng.TestNG.run(TestNG.java:1064)
	at org.testng.remote.RemoteTestNG.run(RemoteTestNG.java:113)
	at org.testng.remote.RemoteTestNG.initAndRun(RemoteTestNG.java:206)
	at org.testng.remote.RemoteTestNG.main(RemoteTestNG.java:177)
]]>
            </full-stacktrace>
          </exception> <!-- org.testng.SkipException -->
          <reporter-output>
          </reporter-output>
        </test-method> <!-- distableTest -->
        <test-method status="PASS" signature="afterEachTestMethod()[pri:0, instance:testSide.SignInTest@3834d63f]" name="afterEachTestMethod" is-config="true" duration-ms="4409" started-at="2020-09-22T23:25:30Z" finished-at="2020-09-22T23:25:34Z">
          <reporter-output>
          </reporter-output>
        </test-method> <!-- afterEachTestMethod -->
        <test-method status="PASS" signature="openBrowers()[pri:0, instance:testSide.SignInTest@3834d63f]" name="openBrowers" is-config="true" duration-ms="5841" started-at="2020-09-22T23:25:34Z" finished-at="2020-09-22T23:25:40Z">
          <reporter-output>
          </reporter-output>
        </test-method> <!-- openBrowers -->
        <test-method status="PASS" signature="tryCatchTest()[pri:5, instance:testSide.SignInTest@3834d63f]" name="tryCatchTest" duration-ms="1" started-at="2020-09-22T23:25:40Z" finished-at="2020-09-22T23:25:40Z">
          <reporter-output>
          </reporter-output>
        </test-method> <!-- tryCatchTest -->
        <test-method status="PASS" signature="afterEachTestMethod()[pri:0, instance:testSide.SignInTest@3834d63f]" name="afterEachTestMethod" is-config="true" duration-ms="4414" started-at="2020-09-22T23:25:40Z" finished-at="2020-09-22T23:25:44Z">
          <reporter-output>
          </reporter-output>
        </test-method> <!-- afterEachTestMethod -->
        <test-method status="PASS" signature="openBrowers()[pri:0, instance:testSide.SignInTest@3834d63f]" name="openBrowers" is-config="true" duration-ms="5884" started-at="2020-09-22T23:25:44Z" finished-at="2020-09-22T23:25:50Z">
          <reporter-output>
          </reporter-output>
        </test-method> <!-- openBrowers -->
        <test-method status="PASS" signature="invaildemail()[pri:6, instance:testSide.SignInTest@3834d63f]" name="invaildemail" duration-ms="2224" started-at="2020-09-22T23:25:50Z" finished-at="2020-09-22T23:25:52Z">
          <reporter-output>
          </reporter-output>
        </test-method> <!-- invaildemail -->
        <test-method status="PASS" signature="afterEachTestMethod()[pri:0, instance:testSide.SignInTest@3834d63f]" name="afterEachTestMethod" is-config="true" duration-ms="71" started-at="2020-09-22T23:25:52Z" finished-at="2020-09-22T23:25:53Z">
          <reporter-output>
          </reporter-output>
        </test-method> <!-- afterEachTestMethod -->
        <test-method status="PASS" signature="tearDown()[pri:0, instance:testSide.SignInTest@3834d63f]" name="tearDown" is-config="true" duration-ms="1" started-at="2020-09-22T23:25:53Z" finished-at="2020-09-22T23:25:53Z">
          <reporter-output>
          </reporter-output>
        </test-method> <!-- tearDown -->
      </class> <!-- testSide.SignInTest -->
    </test> <!-- Default test -->
  </suite> <!-- Default suite -->
</testng-results>
